<?xml version="1.0" encoding="UTF-8"?>
<!-- Generated by org.testng.reporters.JUnitReportReporter -->
<testsuite hostname="DESKTOP-Q8E7SNA" failures="0" tests="1" name="selfbdmo.SSinSelenium" time="17.421" errors="0" timestamp="2024-07-06T19:33:34 IST" skipped="0">
  <testcase classname="selfbdmo.SSinSelenium" name="screen" time="17.421"/>
</testsuite> <!-- selfbdmo.SSinSelenium -->
