<?xml version="1.0" encoding="UTF-8"?>
<!-- Generated by org.testng.reporters.JUnitReportReporter -->
<testsuite hostname="DESKTOP-Q8E7SNA" failures="0" tests="1" name="selfbdmo.nagitiveLogin" time="25.470" errors="0" timestamp="2024-04-21T20:23:52 IST" skipped="0">
  <testcase classname="selfbdmo.nagitiveLogin" name="LoginInvalidOther" time="25.470"/>
</testsuite> <!-- selfbdmo.nagitiveLogin -->
