<?xml version="1.0" encoding="UTF-8"?>
<!-- Generated by org.testng.reporters.JUnitReportReporter -->
<testsuite hostname="DESKTOP-Q8E7SNA" failures="0" tests="2" name="selfbdmo.AnnotationTwo" time="0.077" errors="0" timestamp="2024-06-22T14:24:29 IST" skipped="0">
  <testcase classname="selfbdmo.AnnotationTwo" name="Five" time="0.055"/>
  <testcase classname="selfbdmo.AnnotationTwo" name="Four" time="0.022"/>
</testsuite> <!-- selfbdmo.AnnotationTwo -->
