<?xml version="1.0" encoding="UTF-8"?>
<!-- Generated by org.testng.reporters.JUnitReportReporter -->
<testsuite hostname="DESKTOP-Q8E7SNA" failures="0" tests="1" name="selfbdmo.posTestNewLog" time="20.346" errors="0" timestamp="2024-04-22T01:34:03 IST" skipped="0">
  <testcase classname="selfbdmo.posTestNewLog" name="onlyopenapp" time="20.346"/>
</testsuite> <!-- selfbdmo.posTestNewLog -->
