<?xml version="1.0" encoding="UTF-8"?>
<!-- Generated by org.testng.reporters.JUnitReportReporter -->
<testsuite hostname="DESKTOP-Q8E7SNA" failures="0" tests="4" name="selfbdmo.MouseActionsSelenium" time="215.403" errors="0" timestamp="2024-06-15T22:13:04 IST" skipped="0">
  <testcase classname="selfbdmo.MouseActionsSelenium" name="RefreshActionwithCurrentURL" time="49.697"/>
  <testcase classname="selfbdmo.MouseActionsSelenium" name="keypressfFive" time="47.689"/>
  <testcase classname="selfbdmo.MouseActionsSelenium" name="RefreshAction" time="63.054"/>
  <testcase classname="selfbdmo.MouseActionsSelenium" name="NavigatetoCurrentURL" time="54.963"/>
</testsuite> <!-- selfbdmo.MouseActionsSelenium -->
