<?xml version="1.0" encoding="UTF-8"?>
<!-- Generated by org.testng.reporters.JUnitReportReporter -->
<testsuite hostname="DESKTOP-Q8E7SNA" failures="0" tests="1" name="selfbdmo.DragandDropAction" time="56.843" errors="0" timestamp="2024-06-16T18:06:31 IST" skipped="0">
  <testcase classname="selfbdmo.DragandDropAction" name="DragDrop" time="56.843"/>
</testsuite> <!-- selfbdmo.DragandDropAction -->
