<?xml version="1.0" encoding="UTF-8"?>
<!-- Generated by org.testng.reporters.JUnitReportReporter -->
<testsuite hostname="DESKTOP-Q8E7SNA" failures="0" tests="2" name="selfbdmo.AnotationOne" time="0.016" errors="0" timestamp="2024-06-22T14:24:29 IST" skipped="0">
  <testcase classname="selfbdmo.AnotationOne" name="TestTwo" time="0.005"/>
  <testcase classname="selfbdmo.AnotationOne" name="TestOne" time="0.011"/>
</testsuite> <!-- selfbdmo.AnotationOne -->
