<?xml version="1.0" encoding="UTF-8"?>
<!-- Generated by org.testng.reporters.JUnitReportReporter -->
<testsuite hostname="DESKTOP-Q8E7SNA" failures="0" tests="1" name="selfbdmo.OpenBrowserAndCompareURL" time="69.079" errors="0" timestamp="2024-06-15T21:45:16 IST" skipped="0">
  <testcase classname="selfbdmo.OpenBrowserAndCompareURL" name="verifyPageTitle" time="69.079"/>
</testsuite> <!-- selfbdmo.OpenBrowserAndCompareURL -->
